  OneshotsGlowHack.cpp
f:\tutes\videos\game cheating\oneshot\glowhack\oneshotsglowhack-oneshotgh-final\oneshotsglowhack\hprocess.h(83): warning C4311: 'type cast': pointer truncation from 'BYTE *' to 'DWORD'
f:\tutes\videos\game cheating\oneshot\glowhack\oneshotsglowhack-oneshotgh-final\oneshotsglowhack\hprocess.h(83): warning C4302: 'type cast': truncation from 'BYTE *' to 'DWORD'
  Glow.cpp
f:\tutes\videos\game cheating\oneshot\glowhack\oneshotsglowhack-oneshotgh-final\oneshotsglowhack\hprocess.h(83): warning C4311: 'type cast': pointer truncation from 'BYTE *' to 'DWORD'
f:\tutes\videos\game cheating\oneshot\glowhack\oneshotsglowhack-oneshotgh-final\oneshotsglowhack\hprocess.h(83): warning C4302: 'type cast': truncation from 'BYTE *' to 'DWORD'
f:\tutes\videos\game cheating\oneshot\glowhack\oneshotsglowhack-oneshotgh-final\oneshotsglowhack\glow.cpp(20): warning C4312: 'type cast': conversion from 'unsigned long' to 'PBYTE *' of greater size
f:\tutes\videos\game cheating\oneshot\glowhack\oneshotsglowhack-oneshotgh-final\oneshotsglowhack\glow.cpp(21): warning C4312: 'type cast': conversion from 'unsigned long' to 'PBYTE *' of greater size
f:\tutes\videos\game cheating\oneshot\glowhack\oneshotsglowhack-oneshotgh-final\oneshotsglowhack\glow.cpp(22): warning C4312: 'type cast': conversion from 'unsigned long' to 'PBYTE *' of greater size
f:\tutes\videos\game cheating\oneshot\glowhack\oneshotsglowhack-oneshotgh-final\oneshotsglowhack\glow.cpp(26): warning C4312: 'type cast': conversion from 'DWORD' to 'PBYTE *' of greater size
f:\tutes\videos\game cheating\oneshot\glowhack\oneshotsglowhack-oneshotgh-final\oneshotsglowhack\glow.cpp(28): warning C4312: 'type cast': conversion from 'DWORD' to 'PBYTE *' of greater size
f:\tutes\videos\game cheating\oneshot\glowhack\oneshotsglowhack-oneshotgh-final\oneshotsglowhack\glow.cpp(29): warning C4312: 'type cast': conversion from 'DWORD' to 'PBYTE *' of greater size
f:\tutes\videos\game cheating\oneshot\glowhack\oneshotsglowhack-oneshotgh-final\oneshotsglowhack\glow.cpp(30): warning C4312: 'type cast': conversion from 'DWORD' to 'PBYTE *' of greater size
f:\tutes\videos\game cheating\oneshot\glowhack\oneshotsglowhack-oneshotgh-final\oneshotsglowhack\glow.cpp(31): warning C4312: 'type cast': conversion from 'DWORD' to 'PBYTE *' of greater size
f:\tutes\videos\game cheating\oneshot\glowhack\oneshotsglowhack-oneshotgh-final\oneshotsglowhack\glow.cpp(33): warning C4312: 'type cast': conversion from 'unsigned long' to 'PBYTE *' of greater size
f:\tutes\videos\game cheating\oneshot\glowhack\oneshotsglowhack-oneshotgh-final\oneshotsglowhack\glow.cpp(34): warning C4312: 'type cast': conversion from 'unsigned long' to 'PBYTE *' of greater size
f:\tutes\videos\game cheating\oneshot\glowhack\oneshotsglowhack-oneshotgh-final\oneshotsglowhack\glow.cpp(38): warning C4312: 'type cast': conversion from 'DWORD' to 'PBYTE *' of greater size
  Generating Code...
  OneshotsGlowHack.vcxproj -> F:\Tutes\Videos\Game Cheating\OneShot\GlowHack\OneshotsGlowHack-OneshotGH-Final\x64\Debug\OneshotsGlowHack.exe
  OneshotsGlowHack.vcxproj -> F:\Tutes\Videos\Game Cheating\OneShot\GlowHack\OneshotsGlowHack-OneshotGH-Final\x64\Debug\OneshotsGlowHack.pdb (Partial PDB)
